Performing C SOURCE FILE Test CMAKE_HAVE_LIBC_PTHREAD failed with the following output:
Change Dir: /home/yu/3D Point Cloud Processing/homework/Homework1_cpp/cmake-build-debug/CMakeFiles/CMakeTmp

Run Build Command(s):/usr/bin/make cmTC_0d01d/fast && /usr/bin/make -f CMakeFiles/cmTC_0d01d.dir/build.make CMakeFiles/cmTC_0d01d.dir/build
make[1]: Entering directory '/home/yu/3D Point Cloud Processing/homework/Homework1_cpp/cmake-build-debug/CMakeFiles/CMakeTmp'
Building C object CMakeFiles/cmTC_0d01d.dir/src.c.o
/usr/bin/cc   -DCMAKE_HAVE_LIBC_PTHREAD   -o CMakeFiles/cmTC_0d01d.dir/src.c.o   -c "/home/yu/3D Point Cloud Processing/homework/Homework1_cpp/cmake-build-debug/CMakeFiles/CMakeTmp/src.c"
Linking C executable cmTC_0d01d
/home/yu/下载/clion-2019.3.4/bin/cmake/linux/bin/cmake -E cmake_link_script CMakeFiles/cmTC_0d01d.dir/link.txt --verbose=1
/usr/bin/cc  -DCMAKE_HAVE_LIBC_PTHREAD    CMakeFiles/cmTC_0d01d.dir/src.c.o  -o cmTC_0d01d 
CMakeFiles/cmTC_0d01d.dir/src.c.o：在函数‘main’中：
src.c:(.text+0x3c)：对‘pthread_create’未定义的引用
src.c:(.text+0x48)：对‘pthread_detach’未定义的引用
src.c:(.text+0x59)：对‘pthread_join’未定义的引用
src.c:(.text+0x6d)：对‘pthread_atfork’未定义的引用
collect2: error: ld returned 1 exit status
CMakeFiles/cmTC_0d01d.dir/build.make:86: recipe for target 'cmTC_0d01d' failed
make[1]: *** [cmTC_0d01d] Error 1
make[1]: Leaving directory '/home/yu/3D Point Cloud Processing/homework/Homework1_cpp/cmake-build-debug/CMakeFiles/CMakeTmp'
Makefile:121: recipe for target 'cmTC_0d01d/fast' failed
make: *** [cmTC_0d01d/fast] Error 2


Source file was:
#include <pthread.h>

void* test_func(void* data)
{
  return data;
}

int main(void)
{
  pthread_t thread;
  pthread_create(&thread, NULL, test_func, NULL);
  pthread_detach(thread);
  pthread_join(thread, NULL);
  pthread_atfork(NULL, NULL, NULL);
  pthread_exit(NULL);

  return 0;
}

Determining if the function pthread_create exists in the pthreads failed with the following output:
Change Dir: /home/yu/3D Point Cloud Processing/homework/Homework1_cpp/cmake-build-debug/CMakeFiles/CMakeTmp

Run Build Command(s):/usr/bin/make cmTC_b8559/fast && /usr/bin/make -f CMakeFiles/cmTC_b8559.dir/build.make CMakeFiles/cmTC_b8559.dir/build
make[1]: Entering directory '/home/yu/3D Point Cloud Processing/homework/Homework1_cpp/cmake-build-debug/CMakeFiles/CMakeTmp'
Building C object CMakeFiles/cmTC_b8559.dir/CheckFunctionExists.c.o
/usr/bin/cc   -DCHECK_FUNCTION_EXISTS=pthread_create   -o CMakeFiles/cmTC_b8559.dir/CheckFunctionExists.c.o   -c /home/yu/下载/clion-2019.3.4/bin/cmake/linux/share/cmake-3.15/Modules/CheckFunctionExists.c
Linking C executable cmTC_b8559
/home/yu/下载/clion-2019.3.4/bin/cmake/linux/bin/cmake -E cmake_link_script CMakeFiles/cmTC_b8559.dir/link.txt --verbose=1
/usr/bin/cc  -DCHECK_FUNCTION_EXISTS=pthread_create    CMakeFiles/cmTC_b8559.dir/CheckFunctionExists.c.o  -o cmTC_b8559 -lpthreads 
/usr/bin/ld: 找不到 -lpthreads
collect2: error: ld returned 1 exit status
CMakeFiles/cmTC_b8559.dir/build.make:86: recipe for target 'cmTC_b8559' failed
make[1]: *** [cmTC_b8559] Error 1
make[1]: Leaving directory '/home/yu/3D Point Cloud Processing/homework/Homework1_cpp/cmake-build-debug/CMakeFiles/CMakeTmp'
Makefile:121: recipe for target 'cmTC_b8559/fast' failed
make: *** [cmTC_b8559/fast] Error 2



